{"level":"info","ts":"2025-11-23T20:16:57.932+0400","caller":"seeders/country.go:18","msg":"Country Seeder Started","module":"general"}
{"level":"info","ts":"2025-11-23T20:16:57.943+0400","caller":"seeders/country.go:22","msg":"Country Seeder Finished:","module":"general","time":"11.745458ms"}
{"level":"info","ts":"2025-11-23T20:16:57.944+0400","caller":"seeders/currency.go:18","msg":"Currency Seeder Started","module":"general"}
{"level":"info","ts":"2025-11-23T20:16:57.947+0400","caller":"seeders/currency.go:22","msg":"Country Seeder Finished:","module":"general","time":"3.770538ms"}
{"level":"info","ts":"2025-11-23T20:17:12.102+0400","caller":"seeders/country.go:18","msg":"Country Seeder Started","module":"general"}
{"level":"info","ts":"2025-11-23T20:17:12.103+0400","caller":"seeders/country.go:22","msg":"Country Seeder Finished:","module":"general","time":"469.889µs"}
{"level":"info","ts":"2025-11-23T20:17:12.103+0400","caller":"seeders/currency.go:18","msg":"Currency Seeder Started","module":"general"}
{"level":"info","ts":"2025-11-23T20:17:12.103+0400","caller":"seeders/currency.go:22","msg":"Country Seeder Finished:","module":"general","time":"272.716µs"}
{"level":"info","ts":"2025-11-23T20:17:12.103+0400","caller":"seeders/store.go:40","msg":"Store Seeder Started","module":"general"}
{"level":"error","ts":"2025-11-23T20:17:12.122+0400","caller":"seeders/store.go:68","msg":"failed inserting store","module":"general","error":"could not find name city in map[string]interface {}{\"base_url\":\"https://glovoapp.com/es/es/madrid/stores/supermercado-dia-2\", \"country_code\":1, \"currency_code\":2, \"retailer_id\":1}"}
{"level":"info","ts":"2025-11-23T20:17:12.122+0400","caller":"seeders/store.go:74","msg":"Store Seeder Finished","module":"general","time":"18.579679ms"}
{"level":"info","ts":"2025-11-23T20:18:17.496+0400","caller":"seeders/country.go:18","msg":"Country Seeder Started","module":"general"}
{"level":"info","ts":"2025-11-23T20:18:17.497+0400","caller":"seeders/country.go:22","msg":"Country Seeder Finished:","module":"general","time":"369.421µs"}
{"level":"info","ts":"2025-11-23T20:18:17.497+0400","caller":"seeders/currency.go:18","msg":"Currency Seeder Started","module":"general"}
{"level":"info","ts":"2025-11-23T20:18:17.497+0400","caller":"seeders/currency.go:22","msg":"Country Seeder Finished:","module":"general","time":"219.989µs"}
{"level":"info","ts":"2025-11-23T20:18:17.497+0400","caller":"seeders/store.go:40","msg":"Store Seeder Started","module":"general"}
{"level":"error","ts":"2025-11-23T20:18:17.500+0400","caller":"seeders/store.go:68","msg":"failed inserting store","module":"general","error":"could not find name currency_id in map[string]interface {}{\"base_url\":\"https://glovoapp.com/es/es/madrid/stores/supermercado-dia-2\", \"country_code\":1, \"currency_code\":2, \"retailer_id\":2}"}
{"level":"info","ts":"2025-11-23T20:18:17.500+0400","caller":"seeders/store.go:74","msg":"Store Seeder Finished","module":"general","time":"2.935382ms"}
{"level":"info","ts":"2025-11-23T20:18:32.427+0400","caller":"seeders/country.go:18","msg":"Country Seeder Started","module":"general"}
{"level":"info","ts":"2025-11-23T20:18:32.428+0400","caller":"seeders/country.go:22","msg":"Country Seeder Finished:","module":"general","time":"407.855µs"}
{"level":"info","ts":"2025-11-23T20:18:32.428+0400","caller":"seeders/currency.go:18","msg":"Currency Seeder Started","module":"general"}
{"level":"info","ts":"2025-11-23T20:18:32.428+0400","caller":"seeders/currency.go:22","msg":"Country Seeder Finished:","module":"general","time":"227.701µs"}
{"level":"info","ts":"2025-11-23T20:18:32.428+0400","caller":"seeders/store.go:40","msg":"Store Seeder Started","module":"general"}
{"level":"error","ts":"2025-11-23T20:18:32.442+0400","caller":"seeders/store.go:68","msg":"failed inserting store","module":"general","error":"could not find name country_id in map[string]interface {}{\"base_url\":\"https://glovoapp.com/es/es/madrid/stores/supermercado-dia-2\", \"country_code\":1, \"currency_code\":2, \"retailer_id\":3}"}
{"level":"info","ts":"2025-11-23T20:18:32.442+0400","caller":"seeders/store.go:74","msg":"Store Seeder Finished","module":"general","time":"13.699964ms"}
{"level":"info","ts":"2025-11-23T20:20:15.048+0400","caller":"seeders/country.go:18","msg":"Country Seeder Started","module":"general"}
{"level":"info","ts":"2025-11-23T20:20:15.051+0400","caller":"seeders/country.go:22","msg":"Country Seeder Finished:","module":"general","time":"2.866391ms"}
{"level":"info","ts":"2025-11-23T20:20:15.051+0400","caller":"seeders/currency.go:18","msg":"Currency Seeder Started","module":"general"}
{"level":"info","ts":"2025-11-23T20:20:15.054+0400","caller":"seeders/currency.go:22","msg":"Country Seeder Finished:","module":"general","time":"2.954547ms"}
{"level":"info","ts":"2025-11-23T20:20:15.054+0400","caller":"seeders/store.go:40","msg":"Store Seeder Started","module":"general"}
{"level":"error","ts":"2025-11-23T20:20:15.057+0400","caller":"seeders/store.go:68","msg":"failed inserting store","module":"general","error":"could not find name country_id in map[string]interface {}{\"base_url\":\"https://glovoapp.com/es/es/madrid/stores/supermercado-dia-2\", \"country_code\":1, \"currency_code\":2, \"retailer_id\":1}"}
{"level":"info","ts":"2025-11-23T20:20:15.057+0400","caller":"seeders/store.go:74","msg":"Store Seeder Finished","module":"general","time":"2.934886ms"}
{"level":"info","ts":"2025-11-23T20:21:25.403+0400","caller":"seeders/country.go:18","msg":"Country Seeder Started","module":"general"}
{"level":"info","ts":"2025-11-23T20:21:25.420+0400","caller":"seeders/country.go:22","msg":"Country Seeder Finished:","module":"general","time":"17.418037ms"}
{"level":"info","ts":"2025-11-23T20:21:25.421+0400","caller":"seeders/currency.go:18","msg":"Currency Seeder Started","module":"general"}
{"level":"info","ts":"2025-11-23T20:21:25.424+0400","caller":"seeders/currency.go:22","msg":"Country Seeder Finished:","module":"general","time":"3.546645ms"}
{"level":"info","ts":"2025-11-23T20:21:25.424+0400","caller":"seeders/store.go:40","msg":"Store Seeder Started","module":"general"}
{"level":"error","ts":"2025-11-23T20:21:25.427+0400","caller":"seeders/store.go:68","msg":"failed inserting store","module":"general","error":"could not find name country_id in map[string]interface {}{\"base_url\":\"https://glovoapp.com/es/es/madrid/stores/supermercado-dia-2\", \"country_code\":1, \"currency_code\":2, \"retailer_id\":1}"}
{"level":"info","ts":"2025-11-23T20:21:25.427+0400","caller":"seeders/store.go:74","msg":"Store Seeder Finished","module":"general","time":"2.809241ms"}
{"level":"info","ts":"2025-11-23T20:21:52.635+0400","caller":"seeders/country.go:18","msg":"Country Seeder Started","module":"general"}
{"level":"info","ts":"2025-11-23T20:21:52.635+0400","caller":"seeders/country.go:22","msg":"Country Seeder Finished:","module":"general","time":"333.289µs"}
{"level":"info","ts":"2025-11-23T20:21:52.635+0400","caller":"seeders/currency.go:18","msg":"Currency Seeder Started","module":"general"}
{"level":"info","ts":"2025-11-23T20:21:52.635+0400","caller":"seeders/currency.go:22","msg":"Country Seeder Finished:","module":"general","time":"224.797µs"}
{"level":"info","ts":"2025-11-23T20:21:52.635+0400","caller":"seeders/store.go:40","msg":"Store Seeder Started","module":"general"}
{"level":"error","ts":"2025-11-23T20:21:52.648+0400","caller":"seeders/store.go:68","msg":"failed inserting store","module":"general","error":"could not find name city in map[string]interface {}{\"base_url\":\"https://glovoapp.com/es/es/madrid/stores/supermercado-dia-2\", \"country_id\":1, \"currency_id\":2, \"retailer_id\":2}"}
{"level":"info","ts":"2025-11-23T20:21:52.648+0400","caller":"seeders/store.go:74","msg":"Store Seeder Finished","module":"general","time":"12.375699ms"}
{"level":"info","ts":"2025-11-23T20:22:06.718+0400","caller":"seeders/country.go:18","msg":"Country Seeder Started","module":"general"}
{"level":"info","ts":"2025-11-23T20:22:06.719+0400","caller":"seeders/country.go:22","msg":"Country Seeder Finished:","module":"general","time":"389.982µs"}
{"level":"info","ts":"2025-11-23T20:22:06.719+0400","caller":"seeders/currency.go:18","msg":"Currency Seeder Started","module":"general"}
{"level":"info","ts":"2025-11-23T20:22:06.719+0400","caller":"seeders/currency.go:22","msg":"Country Seeder Finished:","module":"general","time":"254.442µs"}
{"level":"info","ts":"2025-11-23T20:22:06.719+0400","caller":"seeders/store.go:40","msg":"Store Seeder Started","module":"general"}
{"level":"info","ts":"2025-11-23T20:22:06.734+0400","caller":"seeders/store.go:75","msg":"Store Seeder Finished","module":"general","time":"15.195891ms"}
{"level":"info","ts":"2025-11-23T20:23:56.568+0400","caller":"seeders/country.go:18","msg":"Country Seeder Started","module":"general"}
{"level":"info","ts":"2025-11-23T20:23:56.568+0400","caller":"seeders/country.go:22","msg":"Country Seeder Finished:","module":"general","time":"508.295µs"}
{"level":"info","ts":"2025-11-23T20:23:56.568+0400","caller":"seeders/currency.go:18","msg":"Currency Seeder Started","module":"general"}
{"level":"info","ts":"2025-11-23T20:23:56.568+0400","caller":"seeders/currency.go:22","msg":"Country Seeder Finished:","module":"general","time":"325.383µs"}
{"level":"info","ts":"2025-11-23T20:23:56.568+0400","caller":"seeders/store.go:40","msg":"Store Seeder Started","module":"general"}
{"level":"info","ts":"2025-11-23T20:23:56.582+0400","caller":"seeders/store.go:75","msg":"Store Seeder Finished","module":"general","time":"13.538371ms"}
{"level":"info","ts":"2025-11-23T20:24:06.358+0400","caller":"seeders/country.go:18","msg":"Country Seeder Started","module":"general"}
{"level":"info","ts":"2025-11-23T20:24:06.358+0400","caller":"seeders/country.go:22","msg":"Country Seeder Finished:","module":"general","time":"311.7µs"}
{"level":"info","ts":"2025-11-23T20:24:06.358+0400","caller":"seeders/currency.go:18","msg":"Currency Seeder Started","module":"general"}
{"level":"info","ts":"2025-11-23T20:24:06.358+0400","caller":"seeders/currency.go:22","msg":"Country Seeder Finished:","module":"general","time":"185.072µs"}
{"level":"info","ts":"2025-11-23T20:24:06.358+0400","caller":"seeders/store.go:40","msg":"Store Seeder Started","module":"general"}
{"level":"info","ts":"2025-11-23T20:24:06.372+0400","caller":"seeders/store.go:75","msg":"Store Seeder Finished","module":"general","time":"14.175501ms"}
{"level":"info","ts":"2025-11-23T20:25:07.210+0400","caller":"seeders/country.go:18","msg":"Country Seeder Started","module":"general"}
{"level":"info","ts":"2025-11-23T20:25:07.210+0400","caller":"seeders/country.go:22","msg":"Country Seeder Finished:","module":"general","time":"495.423µs"}
{"level":"info","ts":"2025-11-23T20:25:07.211+0400","caller":"seeders/currency.go:18","msg":"Currency Seeder Started","module":"general"}
{"level":"info","ts":"2025-11-23T20:25:07.211+0400","caller":"seeders/currency.go:22","msg":"Country Seeder Finished:","module":"general","time":"309.986µs"}
{"level":"info","ts":"2025-11-23T20:25:07.211+0400","caller":"seeders/store.go:40","msg":"Store Seeder Started","module":"general"}
{"level":"info","ts":"2025-11-23T20:25:07.225+0400","caller":"seeders/store.go:80","msg":"Store Seeder Finished","module":"general","time":"14.212973ms"}
{"level":"info","ts":"2025-11-23T20:25:10.616+0400","caller":"seeders/country.go:18","msg":"Country Seeder Started","module":"general"}
{"level":"info","ts":"2025-11-23T20:25:10.617+0400","caller":"seeders/country.go:22","msg":"Country Seeder Finished:","module":"general","time":"339.767µs"}
{"level":"info","ts":"2025-11-23T20:25:10.617+0400","caller":"seeders/currency.go:18","msg":"Currency Seeder Started","module":"general"}
{"level":"info","ts":"2025-11-23T20:25:10.617+0400","caller":"seeders/currency.go:22","msg":"Country Seeder Finished:","module":"general","time":"227.548µs"}
{"level":"info","ts":"2025-11-23T20:25:10.617+0400","caller":"seeders/store.go:40","msg":"Store Seeder Started","module":"general"}
{"level":"info","ts":"2025-11-23T20:25:10.635+0400","caller":"seeders/store.go:80","msg":"Store Seeder Finished","module":"general","time":"18.399021ms"}
{"level":"info","ts":"2025-11-23T20:25:33.398+0400","caller":"seeders/country.go:18","msg":"Country Seeder Started","module":"general"}
{"level":"info","ts":"2025-11-23T20:25:33.409+0400","caller":"seeders/country.go:22","msg":"Country Seeder Finished:","module":"general","time":"10.40694ms"}
{"level":"info","ts":"2025-11-23T20:25:33.409+0400","caller":"seeders/currency.go:18","msg":"Currency Seeder Started","module":"general"}
{"level":"info","ts":"2025-11-23T20:25:33.412+0400","caller":"seeders/currency.go:22","msg":"Country Seeder Finished:","module":"general","time":"2.953614ms"}
{"level":"info","ts":"2025-11-23T20:25:33.412+0400","caller":"seeders/store.go:40","msg":"Store Seeder Started","module":"general"}
{"level":"info","ts":"2025-11-23T20:25:33.419+0400","caller":"seeders/store.go:80","msg":"Store Seeder Finished","module":"general","time":"7.123848ms"}
{"level":"info","ts":"2025-11-23T20:25:41.920+0400","caller":"seeders/country.go:18","msg":"Country Seeder Started","module":"general"}
{"level":"info","ts":"2025-11-23T20:25:41.920+0400","caller":"seeders/country.go:22","msg":"Country Seeder Finished:","module":"general","time":"329.647µs"}
{"level":"info","ts":"2025-11-23T20:25:41.920+0400","caller":"seeders/currency.go:18","msg":"Currency Seeder Started","module":"general"}
{"level":"info","ts":"2025-11-23T20:25:41.920+0400","caller":"seeders/currency.go:22","msg":"Country Seeder Finished:","module":"general","time":"202.943µs"}
{"level":"info","ts":"2025-11-23T20:25:41.921+0400","caller":"seeders/store.go:40","msg":"Store Seeder Started","module":"general"}
{"level":"info","ts":"2025-11-23T20:25:41.943+0400","caller":"seeders/store.go:80","msg":"Store Seeder Finished","module":"general","time":"22.366178ms"}
{"level":"info","ts":"2025-11-23T20:25:52.216+0400","caller":"seeders/country.go:18","msg":"Country Seeder Started","module":"general"}
{"level":"info","ts":"2025-11-23T20:25:52.216+0400","caller":"seeders/country.go:22","msg":"Country Seeder Finished:","module":"general","time":"348.66µs"}
{"level":"info","ts":"2025-11-23T20:25:52.216+0400","caller":"seeders/currency.go:18","msg":"Currency Seeder Started","module":"general"}
{"level":"info","ts":"2025-11-23T20:25:52.217+0400","caller":"seeders/currency.go:22","msg":"Country Seeder Finished:","module":"general","time":"204.181µs"}
{"level":"info","ts":"2025-11-23T20:25:52.217+0400","caller":"seeders/store.go:40","msg":"Store Seeder Started","module":"general"}
{"level":"info","ts":"2025-11-23T20:25:52.235+0400","caller":"seeders/store.go:80","msg":"Store Seeder Finished","module":"general","time":"18.143037ms"}
{"level":"info","ts":"2025-11-23T20:27:55.678+0400","caller":"seeders/country.go:18","msg":"Country Seeder Started","module":"general"}
{"level":"info","ts":"2025-11-23T20:27:55.692+0400","caller":"seeders/country.go:22","msg":"Country Seeder Finished:","module":"general","time":"14.61985ms"}
{"level":"info","ts":"2025-11-23T20:27:55.692+0400","caller":"seeders/currency.go:18","msg":"Currency Seeder Started","module":"general"}
{"level":"info","ts":"2025-11-23T20:27:55.695+0400","caller":"seeders/currency.go:22","msg":"Country Seeder Finished:","module":"general","time":"3.040337ms"}
{"level":"info","ts":"2025-11-23T20:27:55.695+0400","caller":"seeders/store.go:29","msg":"Store Seeder Started","module":"general"}
{"level":"info","ts":"2025-11-23T20:27:55.703+0400","caller":"seeders/store.go:69","msg":"Store Seeder Finished","module":"general","time":"7.514564ms"}
{"level":"info","ts":"2025-11-23T20:28:02.703+0400","caller":"seeders/country.go:18","msg":"Country Seeder Started","module":"general"}
{"level":"info","ts":"2025-11-23T20:28:02.703+0400","caller":"seeders/country.go:22","msg":"Country Seeder Finished:","module":"general","time":"336.172µs"}
{"level":"info","ts":"2025-11-23T20:28:02.703+0400","caller":"seeders/currency.go:18","msg":"Currency Seeder Started","module":"general"}
{"level":"info","ts":"2025-11-23T20:28:02.703+0400","caller":"seeders/currency.go:22","msg":"Country Seeder Finished:","module":"general","time":"197.841µs"}
{"level":"info","ts":"2025-11-23T20:28:02.703+0400","caller":"seeders/store.go:29","msg":"Store Seeder Started","module":"general"}
{"level":"info","ts":"2025-11-23T20:28:02.714+0400","caller":"seeders/store.go:69","msg":"Store Seeder Finished","module":"general","time":"10.593695ms"}
{"level":"info","ts":"2025-11-23T20:28:31.667+0400","caller":"seeders/country.go:18","msg":"Country Seeder Started","module":"general"}
{"level":"info","ts":"2025-11-23T20:28:31.693+0400","caller":"seeders/country.go:22","msg":"Country Seeder Finished:","module":"general","time":"25.265979ms"}
{"level":"info","ts":"2025-11-23T20:28:31.693+0400","caller":"seeders/currency.go:18","msg":"Currency Seeder Started","module":"general"}
{"level":"info","ts":"2025-11-23T20:28:31.696+0400","caller":"seeders/currency.go:22","msg":"Country Seeder Finished:","module":"general","time":"3.589903ms"}
{"level":"info","ts":"2025-11-23T20:28:31.696+0400","caller":"seeders/store.go:29","msg":"Store Seeder Started","module":"general"}
{"level":"error","ts":"2025-11-23T20:28:31.700+0400","caller":"seeders/store.go:57","msg":"failed inserting store","module":"general","error":"could not find name city in retailer.Store{Id:0, RetailerId:1, CountryId:1, CurrencyId:2, City:\"MAD\", Url:\"https://glovoapp.com/es/es/madrid/stores/supermercado-dia-2\", IsActive:false}"}
{"level":"info","ts":"2025-11-23T20:28:31.700+0400","caller":"seeders/store.go:63","msg":"Store Seeder Finished","module":"general","time":"3.850916ms"}
{"level":"info","ts":"2025-11-23T20:28:48.869+0400","caller":"seeders/country.go:18","msg":"Country Seeder Started","module":"general"}
{"level":"info","ts":"2025-11-23T20:28:48.889+0400","caller":"seeders/country.go:22","msg":"Country Seeder Finished:","module":"general","time":"19.647063ms"}
{"level":"info","ts":"2025-11-23T20:28:48.889+0400","caller":"seeders/currency.go:18","msg":"Currency Seeder Started","module":"general"}
{"level":"info","ts":"2025-11-23T20:28:48.892+0400","caller":"seeders/currency.go:22","msg":"Country Seeder Finished:","module":"general","time":"3.297808ms"}
{"level":"info","ts":"2025-11-23T20:28:48.892+0400","caller":"seeders/store.go:29","msg":"Store Seeder Started","module":"general"}
{"level":"info","ts":"2025-11-23T20:28:48.899+0400","caller":"seeders/store.go:63","msg":"Store Seeder Finished","module":"general","time":"7.126176ms"}
{"level":"info","ts":"2025-11-23T20:28:56.544+0400","caller":"seeders/country.go:18","msg":"Country Seeder Started","module":"general"}
{"level":"info","ts":"2025-11-23T20:28:56.544+0400","caller":"seeders/country.go:22","msg":"Country Seeder Finished:","module":"general","time":"329.068µs"}
{"level":"info","ts":"2025-11-23T20:28:56.545+0400","caller":"seeders/currency.go:18","msg":"Currency Seeder Started","module":"general"}
{"level":"info","ts":"2025-11-23T20:28:56.545+0400","caller":"seeders/currency.go:22","msg":"Country Seeder Finished:","module":"general","time":"178.299µs"}
{"level":"info","ts":"2025-11-23T20:28:56.545+0400","caller":"seeders/store.go:29","msg":"Store Seeder Started","module":"general"}
{"level":"info","ts":"2025-11-23T20:28:56.556+0400","caller":"seeders/store.go:63","msg":"Store Seeder Finished","module":"general","time":"11.641528ms"}
